2017-03-04 20:05:16 INFO  TextElement:255 - No animation
2017-03-04 20:05:22 INFO  TextElement:255 - No animation
2017-03-04 20:05:24 INFO  TextElement:255 - No animation
2017-03-04 20:05:24 INFO  TextElement:255 - No animation
2017-03-04 20:06:28 INFO  TextElement:255 - No animation
2017-03-04 20:08:11 INFO  TextElement:255 - No animation
2017-03-04 20:08:18 INFO  TextElement:255 - No animation
2017-03-04 20:08:18 INFO  TextElement:255 - No animation
2017-03-04 20:08:50 INFO  TextElement:255 - No animation
2017-03-04 20:08:51 INFO  TextElement:255 - No animation
2017-03-04 20:08:51 INFO  TextElement:255 - No animation
2017-03-04 20:08:51 INFO  TextElement:255 - No animation
2017-03-04 20:15:06 INFO  TextElement:256 - No animation
2017-03-04 20:15:07 INFO  TextElement:256 - No animation
2017-03-04 20:15:08 INFO  TextElement:256 - No animation
2017-03-04 20:15:08 INFO  TextElement:256 - No animation
2017-03-04 20:28:26 INFO  Slide:90 - Current Sequence is %d
2017-03-04 20:28:26 INFO  TextElement:258 - No animation
2017-03-04 20:29:01 INFO  Slide:90 - Current Sequence is 1
2017-03-04 20:29:01 INFO  TextElement:258 - No animation
2017-03-04 20:29:30 INFO  Slide:90 - Current Sequence is 1
2017-03-04 20:29:43 INFO  TextElement:258 - No animation
2017-03-04 20:30:21 INFO  Slide:90 - Current Sequence is 1
2017-03-04 20:30:21 INFO  TextElement:258 - No animation
2017-03-04 20:30:26 INFO  Slide:90 - Current Sequence is 2
2017-03-04 20:30:26 INFO  TextElement:258 - No animation
2017-03-04 20:30:27 INFO  Slide:90 - Current Sequence is 3
2017-03-04 20:30:27 INFO  TextElement:258 - No animation
2017-03-04 20:30:27 INFO  TextElement:258 - No animation
2017-03-04 20:33:02 INFO  Slide:90 - Current Sequence is 1
2017-03-04 20:33:02 INFO  TextElement:258 - No animation
2017-03-04 20:33:05 INFO  Slide:90 - Current Sequence is 2
2017-03-04 20:33:05 INFO  TextElement:258 - No animation
2017-03-04 20:33:11 INFO  Slide:90 - Current Sequence is 3
2017-03-04 20:33:11 INFO  TextElement:258 - No animation
2017-03-04 20:33:11 INFO  TextElement:258 - No animation
2017-03-04 20:49:10 INFO  Slide:90 - Current Sequence is 1
2017-03-04 20:49:12 INFO  Slide:90 - Current Sequence is 2
2017-03-04 20:49:13 INFO  Slide:90 - Current Sequence is 3
2017-03-04 20:51:41 INFO  Slide:90 - Current Sequence is 1
2017-03-04 20:53:49 INFO  Slide:90 - Current Sequence is 1
2017-03-04 20:54:37 INFO  Slide:90 - Current Sequence is 1
2017-03-04 20:55:16 INFO  Slide:90 - Current Sequence is 1
2017-03-04 21:08:50 INFO  Slide:90 - Current Sequence is 1
2017-03-04 21:09:20 INFO  Slide:90 - Current Sequence is 1
2017-03-04 21:09:46 INFO  Slide:90 - Current Sequence is 1
2017-03-04 21:11:10 INFO  Slide:90 - Current Sequence is 1
2017-03-04 21:11:10 INFO  TextElement:256 - No animation
2017-03-04 21:11:33 INFO  Slide:90 - Current Sequence is 1
2017-03-04 21:11:35 INFO  TextElement:256 - No animation
2017-03-04 21:13:08 INFO  Slide:90 - Current Sequence is 1
2017-03-04 21:13:08 INFO  TextElement:254 - No animation
2017-03-04 21:13:10 INFO  Slide:90 - Current Sequence is 2
2017-03-04 21:13:10 INFO  TextElement:254 - No animation
2017-03-04 21:13:11 INFO  Slide:90 - Current Sequence is 3
2017-03-04 21:13:11 INFO  TextElement:254 - No animation
2017-03-04 21:13:11 INFO  TextElement:254 - No animation
2017-03-04 21:42:41 INFO  Slide:89 - Current Sequence is 1
2017-03-04 21:42:41 INFO  TextElement:254 - No animation
2017-03-04 21:43:20 INFO  Slide:89 - Current Sequence is 1
2017-03-04 21:43:20 INFO  TextElement:254 - No animation
2017-03-05 11:39:42 INFO  Slide:89 - Current Sequence is 1
2017-03-05 11:39:42 INFO  TextElement:254 - No animation
2017-03-05 11:39:49 INFO  Slide:89 - Current Sequence is 2
2017-03-05 11:39:49 INFO  TextElement:254 - No animation
2017-03-05 11:39:49 INFO  Slide:89 - Current Sequence is 3
2017-03-05 11:39:49 INFO  TextElement:254 - No animation
2017-03-05 11:39:50 INFO  Slide:89 - Current Sequence is 4
2017-03-05 11:39:50 INFO  TextElement:254 - No animation
2017-03-05 11:39:50 INFO  TextElement:254 - No animation
2017-03-05 11:42:43 INFO  Slide:89 - Current Sequence is 1
2017-03-05 11:42:43 INFO  TextElement:254 - No animation
2017-03-05 11:42:45 INFO  Slide:89 - Current Sequence is 2
2017-03-05 11:42:45 INFO  TextElement:254 - No animation
2017-03-05 11:42:47 INFO  Slide:89 - Current Sequence is 3
2017-03-05 11:42:47 INFO  TextElement:254 - No animation
2017-03-05 11:42:48 INFO  Slide:89 - Current Sequence is 4
2017-03-05 11:42:48 INFO  TextElement:254 - No animation
2017-03-05 11:42:48 INFO  TextElement:254 - No animation
2017-03-05 12:18:04 INFO  Slide:92 - Current Sequence is 1
2017-03-05 12:18:04 INFO  TextElement:254 - No animation
2017-03-05 12:18:05 INFO  Slide:92 - Current Sequence is 2
2017-03-05 12:18:05 INFO  TextElement:254 - No animation
2017-03-05 12:18:06 INFO  Slide:92 - Current Sequence is 3
2017-03-05 12:18:06 INFO  TextElement:254 - No animation
2017-03-05 12:22:39 INFO  Slide:105 - Current Sequence is 1
2017-03-05 12:22:39 INFO  TextElement:254 - No animation
2017-03-05 12:22:40 INFO  Slide:105 - Current Sequence is 2
2017-03-05 12:22:40 INFO  TextElement:254 - No animation
2017-03-05 12:22:41 INFO  Slide:105 - Current Sequence is 1
2017-03-05 12:22:41 INFO  TextElement:254 - No animation
2017-03-05 12:22:42 INFO  Slide:105 - Current Sequence is 0
2017-03-05 12:22:43 INFO  Slide:105 - Current Sequence is 1
2017-03-05 12:22:43 INFO  TextElement:254 - No animation
2017-03-05 12:22:43 INFO  TextElement:254 - No animation
2017-03-05 12:22:43 INFO  Slide:105 - Current Sequence is 0
2017-03-05 12:22:44 INFO  Slide:105 - Current Sequence is -1
2017-03-05 12:22:44 INFO  TextElement:254 - No animation
2017-03-06 13:23:10 ERROR TextElement:74 - Tried to set slide internalCanvas before TextElement constructor was called!
2017-03-06 13:23:10 ERROR GraphicElement:111 - Tried to set slide internalCanvas before GraphicElement constructor was called!
2017-03-06 13:30:28 ERROR TextElement:74 - Tried to set slide internalCanvas before TextElement constructor was called!
2017-03-06 13:30:28 ERROR GraphicElement:111 - Tried to set slide internalCanvas before GraphicElement constructor was called!
2017-03-06 13:30:48 ERROR TextElement:74 - Tried to set slide internalCanvas before TextElement constructor was called!
2017-03-06 13:30:48 ERROR GraphicElement:111 - Tried to set slide internalCanvas before GraphicElement constructor was called!
2017-03-06 13:30:48 ERROR TextElement:74 - Tried to set slide internalCanvas before TextElement constructor was called!
2017-03-06 13:30:48 INFO  Slide:103 - Current Sequence is 1
2017-03-06 13:34:47 ERROR GraphicElement:111 - Tried to set slide internalCanvas before GraphicElement constructor was called!
2017-03-06 13:34:47 INFO  Slide:103 - Current Sequence is 1
2017-03-06 13:34:47 INFO  TextElement:264 - No animation
2017-03-06 13:34:51 INFO  Slide:103 - Current Sequence is 2
2017-03-06 13:34:51 INFO  TextElement:264 - No animation
2017-03-06 13:38:07 INFO  Slide:103 - Current Sequence is 1
2017-03-06 13:38:07 INFO  TextElement:264 - No animation
2017-03-06 13:38:10 INFO  Slide:103 - Current Sequence is 2
2017-03-06 13:38:10 INFO  TextElement:264 - No animation
2017-03-06 13:38:11 INFO  Slide:103 - Current Sequence is 3
2017-03-06 13:38:11 INFO  TextElement:264 - No animation
2017-03-06 13:38:11 INFO  TextElement:264 - No animation
2017-03-06 13:43:01 INFO  Slide:103 - Current Sequence is 1
2017-03-06 14:09:04 INFO  Slide:103 - Current Sequence is 1
2017-03-06 14:09:04 INFO  TextElement:283 - Exit animation playing
2017-03-06 14:09:07 INFO  Slide:103 - Current Sequence is 2
2017-03-06 14:09:07 INFO  TextElement:272 - No animation
2017-03-06 14:09:11 INFO  Slide:103 - Current Sequence is 3
2017-03-06 14:09:11 INFO  TextElement:272 - No animation
2017-03-06 14:09:11 INFO  TextElement:277 - Entry animation playing
2017-03-06 14:13:36 INFO  Slide:103 - Current Sequence is 1
2017-03-06 14:13:36 INFO  TextElement:283 - Exit animation playing
2017-03-06 14:14:15 INFO  Slide:103 - Current Sequence is 1
2017-03-06 14:14:15 INFO  TextElement:283 - Exit animation playing
2017-03-06 14:14:23 INFO  Slide:103 - Current Sequence is 0
2017-03-06 14:14:23 INFO  TextElement:277 - Entry animation playing
2017-03-06 14:14:25 INFO  Slide:103 - Current Sequence is 1
2017-03-06 14:14:25 INFO  TextElement:283 - Exit animation playing
2017-03-06 14:14:25 INFO  TextElement:283 - Exit animation playing
2017-03-06 14:14:25 INFO  Slide:103 - Current Sequence is 0
2017-03-06 14:14:25 INFO  TextElement:277 - Entry animation playing
2017-03-06 14:14:25 INFO  TextElement:277 - Entry animation playing
2017-03-06 14:14:28 INFO  Slide:103 - Current Sequence is 1
2017-03-06 14:14:28 INFO  TextElement:283 - Exit animation playing
2017-03-06 14:14:28 INFO  TextElement:283 - Exit animation playing
2017-03-06 14:14:28 INFO  TextElement:283 - Exit animation playing
2017-03-06 14:14:30 INFO  Slide:103 - Current Sequence is 0
2017-03-06 14:14:30 INFO  TextElement:277 - Entry animation playing
2017-03-06 14:14:30 INFO  TextElement:277 - Entry animation playing
2017-03-06 14:14:30 INFO  TextElement:277 - Entry animation playing
2017-03-06 14:14:34 INFO  Slide:103 - Current Sequence is 1
2017-03-06 14:14:34 INFO  TextElement:283 - Exit animation playing
2017-03-06 14:14:34 INFO  TextElement:283 - Exit animation playing
2017-03-06 14:14:34 INFO  TextElement:283 - Exit animation playing
2017-03-06 14:14:34 INFO  TextElement:283 - Exit animation playing
2017-03-06 14:14:36 INFO  Slide:103 - Current Sequence is 2
2017-03-06 14:14:36 INFO  TextElement:272 - No animation
2017-03-06 14:14:36 INFO  TextElement:272 - No animation
2017-03-06 14:14:36 INFO  TextElement:272 - No animation
2017-03-06 14:14:36 INFO  TextElement:272 - No animation
2017-03-06 14:14:38 INFO  Slide:103 - Current Sequence is 3
2017-03-06 14:14:38 INFO  TextElement:272 - No animation
2017-03-06 14:14:38 INFO  TextElement:272 - No animation
2017-03-06 14:14:38 INFO  TextElement:272 - No animation
2017-03-06 14:14:38 INFO  TextElement:272 - No animation
2017-03-06 14:14:38 INFO  TextElement:277 - Entry animation playing
2017-03-06 14:15:58 INFO  Slide:103 - Current Sequence is 1
2017-03-06 14:15:58 INFO  TextElement:283 - Exit animation playing
2017-03-06 14:16:00 INFO  Slide:103 - Current Sequence is 2
2017-03-06 14:16:00 INFO  TextElement:272 - No animation
2017-03-06 14:18:12 INFO  GraphicElement:111 - No animation
2017-03-06 14:18:12 INFO  GraphicElement:111 - No animation
2017-03-06 14:18:14 INFO  Slide:103 - Current Sequence is 1
2017-03-06 14:18:14 INFO  TextElement:283 - Exit animation playing
2017-03-06 14:18:16 INFO  Slide:103 - Current Sequence is 2
2017-03-06 14:18:16 INFO  TextElement:272 - No animation
2017-03-06 14:18:16 INFO  GraphicElement:122 - Exit animation playing
2017-03-06 14:18:17 INFO  Slide:103 - Current Sequence is 1
2017-03-06 14:18:17 INFO  TextElement:283 - Exit animation playing
2017-03-06 14:18:17 INFO  GraphicElement:116 - Entry animation playing
2017-03-06 14:18:22 INFO  Slide:103 - Current Sequence is 2
2017-03-06 14:18:22 INFO  TextElement:272 - No animation
2017-03-06 14:18:22 INFO  GraphicElement:122 - Exit animation playing
2017-03-06 14:18:22 INFO  GraphicElement:122 - Exit animation playing
2017-03-06 14:18:23 INFO  Slide:103 - Current Sequence is 3
2017-03-06 14:18:23 INFO  TextElement:272 - No animation
2017-03-06 14:18:23 INFO  GraphicElement:111 - No animation
2017-03-06 14:18:23 INFO  GraphicElement:111 - No animation
2017-03-06 14:18:23 INFO  TextElement:277 - Entry animation playing
2017-03-06 14:19:03 INFO  GraphicElement:111 - No animation
2017-03-06 14:19:03 INFO  GraphicElement:111 - No animation
2017-03-06 14:19:06 INFO  Slide:103 - Current Sequence is 1
2017-03-06 14:19:06 INFO  TextElement:283 - Exit animation playing
2017-03-06 14:19:07 INFO  Slide:103 - Current Sequence is 2
2017-03-06 14:19:07 INFO  TextElement:272 - No animation
2017-03-06 14:19:07 INFO  GraphicElement:122 - Exit animation playing
2017-03-06 14:19:11 INFO  Slide:103 - Current Sequence is 1
2017-03-06 14:19:11 INFO  TextElement:283 - Exit animation playing
2017-03-06 14:19:11 INFO  GraphicElement:116 - Entry animation playing
2017-03-06 14:19:14 INFO  Slide:103 - Current Sequence is 0
2017-03-06 14:19:14 INFO  TextElement:277 - Entry animation playing
2017-03-06 14:19:16 INFO  Slide:103 - Current Sequence is 1
2017-03-06 14:19:16 INFO  TextElement:283 - Exit animation playing
2017-03-06 14:19:16 INFO  TextElement:283 - Exit animation playing
2017-03-06 14:19:18 INFO  Slide:103 - Current Sequence is 2
2017-03-06 14:19:18 INFO  TextElement:272 - No animation
2017-03-06 14:19:18 INFO  TextElement:272 - No animation
2017-03-06 14:19:18 INFO  GraphicElement:122 - Exit animation playing
2017-03-06 14:19:19 INFO  Slide:103 - Current Sequence is 3
2017-03-06 14:19:19 INFO  TextElement:272 - No animation
2017-03-06 14:19:19 INFO  TextElement:272 - No animation
2017-03-06 14:19:19 INFO  GraphicElement:111 - No animation
2017-03-06 14:19:19 INFO  TextElement:277 - Entry animation playing
2017-03-06 14:25:23 INFO  GraphicElement:111 - No animation
2017-03-06 14:25:23 INFO  GraphicElement:111 - No animation
2017-03-06 14:25:28 INFO  Slide:103 - Current Sequence is 1
2017-03-06 14:25:28 INFO  TextElement:283 - Exit animation playing
2017-03-06 14:25:35 INFO  Slide:103 - Current Sequence is 2
2017-03-06 14:25:35 INFO  TextElement:272 - No animation
2017-03-06 14:25:35 INFO  GraphicElement:122 - Exit animation playing
2017-03-06 14:25:40 INFO  Slide:103 - Current Sequence is 3
2017-03-06 14:25:40 INFO  TextElement:272 - No animation
2017-03-06 14:25:40 INFO  GraphicElement:111 - No animation
2017-03-06 14:25:40 INFO  TextElement:277 - Entry animation playing
2017-03-06 14:26:18 INFO  GraphicElement:111 - No animation
2017-03-06 14:26:18 INFO  GraphicElement:111 - No animation
2017-03-06 14:27:01 INFO  GraphicElement:111 - No animation
2017-03-06 14:27:01 INFO  GraphicElement:111 - No animation
2017-03-06 14:27:03 INFO  Slide:103 - Current Sequence is 1
2017-03-06 14:27:03 INFO  TextElement:283 - Exit animation playing
2017-03-06 14:27:03 INFO  Slide:103 - Current Sequence is 2
2017-03-06 14:27:03 INFO  TextElement:272 - No animation
2017-03-06 14:27:03 INFO  GraphicElement:122 - Exit animation playing
2017-03-06 14:27:06 INFO  Slide:103 - Current Sequence is 3
2017-03-06 14:27:06 INFO  TextElement:272 - No animation
2017-03-06 14:27:06 INFO  GraphicElement:111 - No animation
2017-03-06 14:27:06 INFO  TextElement:277 - Entry animation playing
2017-03-06 15:26:31 INFO  GraphicElement:111 - No animation
2017-03-06 15:26:31 INFO  GraphicElement:111 - No animation
2017-03-06 15:26:32 INFO  Slide:103 - Current Sequence is 1
2017-03-06 15:26:32 INFO  TextElement:283 - Exit animation playing
2017-03-06 15:26:33 INFO  Slide:103 - Current Sequence is 2
2017-03-06 15:26:33 INFO  TextElement:272 - No animation
2017-03-06 15:26:33 INFO  GraphicElement:122 - Exit animation playing
2017-03-06 15:26:33 INFO  Slide:103 - Current Sequence is 3
2017-03-06 15:26:33 INFO  TextElement:272 - No animation
2017-03-06 15:26:33 INFO  GraphicElement:111 - No animation
2017-03-06 15:26:33 INFO  TextElement:277 - Entry animation playing
2017-03-07 00:40:37 INFO  GraphicElement:111 - No animation
2017-03-07 00:40:37 INFO  GraphicElement:111 - No animation
2017-03-07 00:40:58 INFO  Slide:103 - Current Sequence is 1
2017-03-07 00:40:58 INFO  TextElement:283 - Exit animation playing
2017-03-07 00:43:49 INFO  Slide:103 - Current Sequence is 2
2017-03-07 00:43:49 INFO  TextElement:272 - No animation
2017-03-07 00:43:49 INFO  GraphicElement:122 - Exit animation playing
2017-03-07 00:48:50 INFO  GraphicElement:111 - No animation
2017-03-07 00:48:50 INFO  GraphicElement:111 - No animation
2017-03-07 00:48:54 INFO  GraphicElement:111 - No animation
2017-03-07 00:48:54 INFO  GraphicElement:111 - No animation
2017-03-07 00:48:54 INFO  GraphicElement:111 - No animation
2017-03-07 00:48:54 INFO  GraphicElement:111 - No animation
2017-03-07 00:48:54 INFO  GraphicElement:111 - No animation
2017-03-07 00:48:54 INFO  GraphicElement:111 - No animation
2017-03-07 00:48:55 INFO  GraphicElement:111 - No animation
2017-03-07 00:48:55 INFO  GraphicElement:111 - No animation
2017-03-07 00:48:55 INFO  GraphicElement:111 - No animation
2017-03-07 00:48:55 INFO  GraphicElement:111 - No animation
2017-03-07 00:48:55 INFO  GraphicElement:111 - No animation
2017-03-07 00:48:55 INFO  GraphicElement:111 - No animation
2017-03-07 00:48:55 INFO  GraphicElement:111 - No animation
2017-03-07 00:48:55 INFO  GraphicElement:111 - No animation
2017-03-07 00:48:55 INFO  GraphicElement:111 - No animation
2017-03-07 00:48:55 INFO  GraphicElement:111 - No animation
2017-03-07 00:48:55 INFO  GraphicElement:111 - No animation
2017-03-07 00:48:55 INFO  GraphicElement:111 - No animation
2017-03-07 00:49:09 INFO  Slide:103 - Current Sequence is 1
2017-03-07 00:49:09 INFO  TextElement:283 - Exit animation playing
2017-03-07 00:49:12 INFO  Slide:103 - Current Sequence is 2
2017-03-07 00:49:12 INFO  TextElement:272 - No animation
2017-03-07 00:49:12 INFO  GraphicElement:122 - Exit animation playing
2017-03-07 00:49:16 INFO  Slide:103 - Current Sequence is 3
2017-03-07 00:49:16 INFO  TextElement:272 - No animation
2017-03-07 00:49:16 INFO  GraphicElement:111 - No animation
2017-03-07 00:49:16 INFO  TextElement:277 - Entry animation playing
