2017-04-15 22:01:40 INFO  SocketClient:93 - Client: Attempting Connection to http://db.amriksadhra.com:8080/
2017-04-15 22:01:46 INFO  SocketClient:102 - Client successfully connected to Edi Server
2017-04-15 22:01:50 INFO  SocketClient:63 - Successful connection from client to PostgreSQL database instance
2017-04-15 22:10:50 INFO  SocketClient:93 - Client: Attempting Connection to http://db.amriksadhra.com:8080/
2017-04-15 22:11:01 INFO  SocketClient:102 - Client successfully connected to Edi Server
2017-04-15 22:11:05 INFO  SocketClient:63 - Successful connection from client to PostgreSQL database instance
2017-04-15 22:11:35 INFO  EdiManager:72 - Closing com.i2lp.edi.client-side networking ports.
2017-04-15 22:14:41 INFO  SocketClient:93 - Client: Attempting Connection to http://db.amriksadhra.com:8080/
2017-04-15 22:14:46 INFO  SocketClient:102 - Client successfully connected to Edi Server
2017-04-15 22:14:51 INFO  SocketClient:63 - Successful connection from client to PostgreSQL database instance
2017-04-15 22:15:03 INFO  SocketClient:182 - Attempting login of User: Teacher
2017-04-15 22:15:04 INFO  SocketClient:269 - User Teacher has successfully logged in
2017-04-15 22:15:04 INFO  EdiManager:52 - Login succeeded
2017-04-15 22:15:04 INFO  EdiManager:57 - Teacher Dashboard Opened
2017-04-15 22:15:04 INFO  ParserXML:31 - Path valid...
2017-04-15 22:15:04 INFO  ParserXML:672 - PresentationID acquired...
2017-04-15 22:15:04 INFO  ParserXML:31 - Path valid...
2017-04-15 22:15:04 INFO  ParserXML:672 - PresentationID acquired...
2017-04-15 22:15:05 INFO  ParserXML:31 - Path valid...
2017-04-15 22:15:05 INFO  ParserXML:672 - PresentationID acquired...
2017-04-15 22:15:05 INFO  ParserXML:31 - Path valid...
2017-04-15 22:15:05 INFO  ParserXML:672 - PresentationID acquired...
2017-04-15 22:15:05 INFO  ParserXML:31 - Path valid...
2017-04-15 22:15:05 INFO  ParserXML:672 - PresentationID acquired...
2017-04-15 22:15:05 INFO  ParserXML:31 - Path valid...
2017-04-15 22:15:05 INFO  ParserXML:672 - PresentationID acquired...
2017-04-15 22:15:05 INFO  ParserXML:31 - Path valid...
2017-04-15 22:15:05 INFO  ParserXML:672 - PresentationID acquired...
2017-04-15 22:15:05 INFO  ParserXML:31 - Path valid...
2017-04-15 22:15:05 INFO  ParserXML:672 - PresentationID acquired...
2017-04-15 22:15:05 INFO  ParserXML:31 - Path valid...
2017-04-15 22:15:05 INFO  ParserXML:672 - PresentationID acquired...
2017-04-15 22:15:05 INFO  ParserXML:31 - Path valid...
2017-04-15 22:15:05 INFO  ParserXML:672 - PresentationID acquired...
2017-04-15 22:15:05 INFO  ParserXML:31 - Path valid...
2017-04-15 22:15:05 INFO  ParserXML:672 - PresentationID acquired...
2017-04-15 22:15:05 INFO  ParserXML:31 - Path valid...
2017-04-15 22:15:05 INFO  ParserXML:672 - PresentationID acquired...
2017-04-15 22:15:05 INFO  ParserXML:31 - Path valid...
2017-04-15 22:15:05 INFO  ParserXML:672 - PresentationID acquired...
2017-04-15 22:15:06 INFO  ParserXML:31 - Path valid...
2017-04-15 22:15:06 INFO  ParserXML:672 - PresentationID acquired...
2017-04-15 22:15:06 INFO  ParserXML:31 - Path valid...
2017-04-15 22:15:06 INFO  ParserXML:672 - PresentationID acquired...
2017-04-15 22:15:06 INFO  ParserXML:31 - Path valid...
2017-04-15 22:15:06 INFO  ParserXML:672 - PresentationID acquired...
2017-04-15 22:15:06 INFO  ParserXML:31 - Path valid...
2017-04-15 22:15:06 INFO  ParserXML:672 - PresentationID acquired...
2017-04-15 22:15:06 INFO  ParserXML:31 - Path valid...
2017-04-15 22:15:06 INFO  ParserXML:672 - PresentationID acquired...
2017-04-15 22:15:06 INFO  ParserXML:31 - Path valid...
2017-04-15 22:15:06 INFO  ParserXML:672 - PresentationID acquired...
2017-04-15 22:15:06 INFO  ParserXML:31 - Path valid...
2017-04-15 22:15:06 INFO  ParserXML:672 - PresentationID acquired...
2017-04-15 22:16:27 INFO  Dashboard:371 - Selected Date: 2017-04-15
2017-04-15 22:16:29 INFO  PresentationManager:84 - Attempting to load presentation located at: file:projectResources/sampleXMLsimple.xml
2017-04-15 22:16:29 INFO  ParserXML:31 - Path valid...
2017-04-15 22:16:29 INFO  ParserXML:288 - Presentation Parsed
2017-04-15 22:16:33 INFO  PresentationManager:323 - Current Sequence is 1
2017-04-15 22:16:33 INFO  TextElement:62 - Entry animation playing
2017-04-15 22:16:34 INFO  PresentationManager:323 - Current Sequence is 2
2017-04-15 22:16:34 INFO  TextElement:62 - Entry animation playing
2017-04-15 22:16:34 INFO  PresentationManager:118 - On last element in slide
2017-04-15 22:16:35 INFO  PresentationManager:112 - Changing Slides
2017-04-15 22:16:36 INFO  PresentationManager:323 - Current Sequence is 1
2017-04-15 22:16:36 INFO  TextElement:62 - Entry animation playing
2017-04-15 22:16:37 INFO  PresentationManager:323 - Current Sequence is 2
2017-04-15 22:16:37 INFO  TextElement:62 - Entry animation playing
2017-04-15 22:16:37 INFO  PresentationManager:118 - On last element in slide
2017-04-15 22:16:38 INFO  PresentationManager:112 - Changing Slides
2017-04-15 22:16:39 INFO  PresentationManager:323 - Current Sequence is 1
2017-04-15 22:16:39 INFO  TextElement:62 - Entry animation playing
2017-04-15 22:16:43 INFO  EdiManager:72 - Closing com.i2lp.edi.client-side networking ports.
2017-04-15 22:18:49 INFO  SocketClient:93 - Client: Attempting Connection to http://db.amriksadhra.com:8080/
2017-04-15 22:18:53 INFO  SocketClient:102 - Client successfully connected to Edi Server
2017-04-15 22:18:58 INFO  SocketClient:63 - Successful connection from client to PostgreSQL database instance
2017-04-15 22:19:24 INFO  EdiManager:72 - Closing com.i2lp.edi.client-side networking ports.
2017-04-15 22:27:26 INFO  SocketClient:93 - Client: Attempting Connection to http://db.amriksadhra.com:8080/
2017-04-15 22:27:32 INFO  SocketClient:102 - Client successfully connected to Edi Server
2017-04-15 22:27:35 INFO  SocketClient:63 - Successful connection from client to PostgreSQL database instance
2017-04-15 22:27:44 INFO  SocketClient:182 - Attempting login of User: Teacher
2017-04-15 22:27:45 ERROR SocketClient:271 - Incorrect username/password for login.
2017-04-15 22:27:45 INFO  Login:129 - Login unsuccessful
2017-04-15 22:27:51 INFO  SocketClient:182 - Attempting login of User: Teacher
2017-04-15 22:27:52 INFO  SocketClient:269 - User Teacher has successfully logged in
2017-04-15 22:27:52 INFO  SocketClient:269 - User Teacher has successfully logged in
2017-04-15 22:27:52 INFO  EdiManager:52 - Login succeeded
2017-04-15 22:27:52 INFO  EdiManager:57 - Teacher Dashboard Opened
2017-04-15 22:27:52 INFO  ParserXML:31 - Path valid...
2017-04-15 22:27:52 INFO  ParserXML:672 - PresentationID acquired...
2017-04-15 22:27:52 INFO  ParserXML:31 - Path valid...
2017-04-15 22:27:52 INFO  ParserXML:672 - PresentationID acquired...
2017-04-15 22:27:52 INFO  ParserXML:31 - Path valid...
2017-04-15 22:27:52 INFO  ParserXML:672 - PresentationID acquired...
2017-04-15 22:27:52 INFO  ParserXML:31 - Path valid...
2017-04-15 22:27:52 INFO  ParserXML:672 - PresentationID acquired...
2017-04-15 22:27:52 INFO  ParserXML:31 - Path valid...
2017-04-15 22:27:52 INFO  ParserXML:672 - PresentationID acquired...
2017-04-15 22:27:53 INFO  ParserXML:31 - Path valid...
2017-04-15 22:27:53 INFO  ParserXML:672 - PresentationID acquired...
2017-04-15 22:27:53 INFO  ParserXML:31 - Path valid...
2017-04-15 22:27:53 INFO  ParserXML:672 - PresentationID acquired...
2017-04-15 22:27:53 INFO  ParserXML:31 - Path valid...
2017-04-15 22:27:53 INFO  ParserXML:672 - PresentationID acquired...
2017-04-15 22:27:53 INFO  ParserXML:31 - Path valid...
2017-04-15 22:27:53 INFO  ParserXML:672 - PresentationID acquired...
2017-04-15 22:27:53 INFO  ParserXML:31 - Path valid...
2017-04-15 22:27:53 INFO  ParserXML:672 - PresentationID acquired...
2017-04-15 22:27:53 INFO  ParserXML:31 - Path valid...
2017-04-15 22:27:53 INFO  ParserXML:672 - PresentationID acquired...
2017-04-15 22:27:53 INFO  ParserXML:31 - Path valid...
2017-04-15 22:27:53 INFO  ParserXML:672 - PresentationID acquired...
2017-04-15 22:27:53 INFO  ParserXML:31 - Path valid...
2017-04-15 22:27:53 INFO  ParserXML:672 - PresentationID acquired...
2017-04-15 22:27:53 INFO  ParserXML:31 - Path valid...
2017-04-15 22:27:53 INFO  ParserXML:672 - PresentationID acquired...
2017-04-15 22:27:54 INFO  ParserXML:31 - Path valid...
2017-04-15 22:27:54 INFO  ParserXML:672 - PresentationID acquired...
2017-04-15 22:27:54 INFO  ParserXML:31 - Path valid...
2017-04-15 22:27:54 INFO  ParserXML:672 - PresentationID acquired...
2017-04-15 22:27:54 INFO  ParserXML:31 - Path valid...
2017-04-15 22:27:54 INFO  ParserXML:672 - PresentationID acquired...
2017-04-15 22:27:54 INFO  ParserXML:31 - Path valid...
2017-04-15 22:27:54 INFO  ParserXML:672 - PresentationID acquired...
2017-04-15 22:27:54 INFO  ParserXML:31 - Path valid...
2017-04-15 22:27:54 INFO  ParserXML:672 - PresentationID acquired...
2017-04-15 22:27:54 INFO  ParserXML:31 - Path valid...
2017-04-15 22:27:54 INFO  ParserXML:672 - PresentationID acquired...
2017-04-15 22:31:19 INFO  PresentationManager:84 - Attempting to load presentation located at: file:projectResources/sampleXMLsimple.xml
2017-04-15 22:31:19 INFO  ParserXML:31 - Path valid...
2017-04-15 22:31:19 INFO  ParserXML:288 - Presentation Parsed
2017-04-15 22:31:34 INFO  EdiManager:72 - Closing com.i2lp.edi.client-side networking ports.
2017-04-15 22:37:31 INFO  SocketClient:93 - Client: Attempting Connection to http://db.amriksadhra.com:8080/
2017-04-15 22:37:36 INFO  SocketClient:102 - Client successfully connected to Edi Server
2017-04-15 22:37:40 INFO  SocketClient:63 - Successful connection from client to PostgreSQL database instance
2017-04-15 22:37:52 INFO  SocketClient:182 - Attempting login of User: Teacher
2017-04-15 22:37:57 ERROR SocketClient:186 - Connection to com.i2lp.edi.server timed out.
2017-04-15 22:37:57 INFO  Login:129 - Login unsuccessful
2017-04-15 22:38:03 INFO  SocketClient:182 - Attempting login of User: Teacher
2017-04-15 22:38:08 ERROR SocketClient:186 - Connection to com.i2lp.edi.server timed out.
2017-04-15 22:38:08 INFO  Login:129 - Login unsuccessful
2017-04-15 22:38:18 INFO  SocketClient:182 - Attempting login of User: Teacher
2017-04-15 22:38:23 ERROR SocketClient:186 - Connection to com.i2lp.edi.server timed out.
2017-04-15 22:38:23 INFO  Login:129 - Login unsuccessful
2017-04-15 22:38:31 INFO  SocketClient:182 - Attempting login of User: Teacher
2017-04-15 22:38:36 ERROR SocketClient:186 - Connection to com.i2lp.edi.server timed out.
2017-04-15 22:38:36 INFO  Login:129 - Login unsuccessful
2017-04-15 22:38:41 INFO  EdiManager:72 - Closing com.i2lp.edi.client-side networking ports.
2017-04-15 22:43:53 INFO  SocketClient:93 - Client: Attempting Connection to http://db.amriksadhra.com:8080/
2017-04-15 22:43:56 INFO  SocketClient:102 - Client successfully connected to Edi Server
2017-04-15 22:43:58 INFO  SocketClient:63 - Successful connection from client to PostgreSQL database instance
2017-04-15 22:44:08 INFO  SocketClient:182 - Attempting login of User: Teacher
2017-04-15 22:44:09 INFO  SocketClient:269 - User Teacher has successfully logged in
2017-04-15 22:44:09 INFO  EdiManager:52 - Login succeeded
2017-04-15 22:44:09 INFO  EdiManager:57 - Teacher Dashboard Opened
2017-04-15 22:44:09 INFO  ParserXML:31 - Path valid...
2017-04-15 22:44:09 INFO  ParserXML:672 - PresentationID acquired...
2017-04-15 22:44:09 INFO  ParserXML:31 - Path valid...
2017-04-15 22:44:09 INFO  ParserXML:672 - PresentationID acquired...
2017-04-15 22:44:09 INFO  ParserXML:31 - Path valid...
2017-04-15 22:44:09 INFO  ParserXML:672 - PresentationID acquired...
2017-04-15 22:44:09 INFO  ParserXML:31 - Path valid...
2017-04-15 22:44:09 INFO  ParserXML:672 - PresentationID acquired...
2017-04-15 22:44:09 INFO  ParserXML:31 - Path valid...
2017-04-15 22:44:09 INFO  ParserXML:672 - PresentationID acquired...
2017-04-15 22:44:09 INFO  ParserXML:31 - Path valid...
2017-04-15 22:44:09 INFO  ParserXML:672 - PresentationID acquired...
2017-04-15 22:44:09 INFO  ParserXML:31 - Path valid...
2017-04-15 22:44:09 INFO  ParserXML:672 - PresentationID acquired...
2017-04-15 22:44:09 INFO  ParserXML:31 - Path valid...
2017-04-15 22:44:09 INFO  ParserXML:672 - PresentationID acquired...
2017-04-15 22:44:09 INFO  ParserXML:31 - Path valid...
2017-04-15 22:44:09 INFO  ParserXML:672 - PresentationID acquired...
2017-04-15 22:44:09 INFO  ParserXML:31 - Path valid...
2017-04-15 22:44:09 INFO  ParserXML:672 - PresentationID acquired...
2017-04-15 22:44:09 INFO  ParserXML:31 - Path valid...
2017-04-15 22:44:09 INFO  ParserXML:672 - PresentationID acquired...
2017-04-15 22:44:09 INFO  ParserXML:31 - Path valid...
2017-04-15 22:44:09 INFO  ParserXML:672 - PresentationID acquired...
2017-04-15 22:44:09 INFO  ParserXML:31 - Path valid...
2017-04-15 22:44:09 INFO  ParserXML:672 - PresentationID acquired...
2017-04-15 22:44:09 INFO  ParserXML:31 - Path valid...
2017-04-15 22:44:09 INFO  ParserXML:672 - PresentationID acquired...
2017-04-15 22:44:09 INFO  ParserXML:31 - Path valid...
2017-04-15 22:44:09 INFO  ParserXML:672 - PresentationID acquired...
2017-04-15 22:44:09 INFO  ParserXML:31 - Path valid...
2017-04-15 22:44:10 INFO  ParserXML:672 - PresentationID acquired...
2017-04-15 22:44:10 INFO  ParserXML:31 - Path valid...
2017-04-15 22:44:10 INFO  ParserXML:672 - PresentationID acquired...
2017-04-15 22:44:10 INFO  ParserXML:31 - Path valid...
2017-04-15 22:44:10 INFO  ParserXML:672 - PresentationID acquired...
2017-04-15 22:44:10 INFO  ParserXML:31 - Path valid...
2017-04-15 22:44:10 INFO  ParserXML:672 - PresentationID acquired...
2017-04-15 22:44:10 INFO  ParserXML:31 - Path valid...
2017-04-15 22:44:10 INFO  ParserXML:672 - PresentationID acquired...
2017-04-15 22:44:30 INFO  EdiManager:72 - Closing com.i2lp.edi.client-side networking ports.
2017-04-15 22:50:11 INFO  SocketClient:93 - Client: Attempting Connection to http://db.amriksadhra.com:8080/
2017-04-15 22:50:14 INFO  SocketClient:102 - Client successfully connected to Edi Server
2017-04-15 22:50:16 INFO  SocketClient:63 - Successful connection from client to PostgreSQL database instance
2017-04-15 22:50:24 INFO  SocketClient:182 - Attempting login of User: Teacher
2017-04-15 22:50:24 INFO  SocketClient:269 - User Teacher has successfully logged in
2017-04-15 22:50:24 INFO  EdiManager:52 - Login succeeded
2017-04-15 22:50:24 INFO  EdiManager:57 - Teacher Dashboard Opened
2017-04-15 22:50:24 INFO  ParserXML:31 - Path valid...
2017-04-15 22:50:24 INFO  ParserXML:672 - PresentationID acquired...
2017-04-15 22:50:24 INFO  ParserXML:31 - Path valid...
2017-04-15 22:50:24 INFO  ParserXML:672 - PresentationID acquired...
2017-04-15 22:50:24 INFO  ParserXML:31 - Path valid...
2017-04-15 22:50:25 INFO  ParserXML:672 - PresentationID acquired...
2017-04-15 22:50:25 INFO  ParserXML:31 - Path valid...
2017-04-15 22:50:25 INFO  ParserXML:672 - PresentationID acquired...
2017-04-15 22:50:25 INFO  ParserXML:31 - Path valid...
2017-04-15 22:50:25 INFO  ParserXML:672 - PresentationID acquired...
2017-04-15 22:50:25 INFO  ParserXML:31 - Path valid...
2017-04-15 22:50:25 INFO  ParserXML:672 - PresentationID acquired...
2017-04-15 22:50:25 INFO  ParserXML:31 - Path valid...
2017-04-15 22:50:25 INFO  ParserXML:672 - PresentationID acquired...
2017-04-15 22:50:25 INFO  ParserXML:31 - Path valid...
2017-04-15 22:50:25 INFO  ParserXML:672 - PresentationID acquired...
2017-04-15 22:50:25 INFO  ParserXML:31 - Path valid...
2017-04-15 22:50:25 INFO  ParserXML:672 - PresentationID acquired...
2017-04-15 22:50:25 INFO  ParserXML:31 - Path valid...
2017-04-15 22:50:25 INFO  ParserXML:672 - PresentationID acquired...
2017-04-15 22:50:25 INFO  ParserXML:31 - Path valid...
2017-04-15 22:50:25 INFO  ParserXML:672 - PresentationID acquired...
2017-04-15 22:50:25 INFO  ParserXML:31 - Path valid...
2017-04-15 22:50:25 INFO  ParserXML:672 - PresentationID acquired...
2017-04-15 22:50:25 INFO  ParserXML:31 - Path valid...
2017-04-15 22:50:25 INFO  ParserXML:672 - PresentationID acquired...
2017-04-15 22:50:25 INFO  ParserXML:31 - Path valid...
2017-04-15 22:50:25 INFO  ParserXML:672 - PresentationID acquired...
2017-04-15 22:50:25 INFO  ParserXML:31 - Path valid...
2017-04-15 22:50:25 INFO  ParserXML:672 - PresentationID acquired...
2017-04-15 22:50:25 INFO  ParserXML:31 - Path valid...
2017-04-15 22:50:25 INFO  ParserXML:672 - PresentationID acquired...
2017-04-15 22:50:25 INFO  ParserXML:31 - Path valid...
2017-04-15 22:50:25 INFO  ParserXML:672 - PresentationID acquired...
2017-04-15 22:50:26 INFO  ParserXML:31 - Path valid...
2017-04-15 22:50:26 INFO  ParserXML:672 - PresentationID acquired...
2017-04-15 22:50:26 INFO  ParserXML:31 - Path valid...
2017-04-15 22:50:26 INFO  ParserXML:672 - PresentationID acquired...
2017-04-15 22:50:26 INFO  ParserXML:31 - Path valid...
2017-04-15 22:50:26 INFO  ParserXML:672 - PresentationID acquired...
2017-04-15 22:50:30 INFO  EdiManager:72 - Closing com.i2lp.edi.client-side networking ports.
2017-04-15 22:52:08 INFO  SocketClient:93 - Client: Attempting Connection to http://db.amriksadhra.com:8080/
2017-04-15 22:52:12 INFO  SocketClient:102 - Client successfully connected to Edi Server
2017-04-15 22:52:14 INFO  SocketClient:63 - Successful connection from client to PostgreSQL database instance
2017-04-15 22:52:17 INFO  SocketClient:182 - Attempting login of User: Teacher
2017-04-15 22:52:17 INFO  SocketClient:269 - User Teacher has successfully logged in
2017-04-15 22:52:17 INFO  EdiManager:52 - Login succeeded
2017-04-15 22:52:17 INFO  EdiManager:57 - Teacher Dashboard Opened
2017-04-15 22:52:18 INFO  ParserXML:31 - Path valid...
2017-04-15 22:52:18 INFO  ParserXML:672 - PresentationID acquired...
2017-04-15 22:52:18 INFO  ParserXML:31 - Path valid...
2017-04-15 22:52:18 INFO  ParserXML:672 - PresentationID acquired...
2017-04-15 22:52:18 INFO  ParserXML:31 - Path valid...
2017-04-15 22:52:18 INFO  ParserXML:672 - PresentationID acquired...
2017-04-15 22:52:18 INFO  ParserXML:31 - Path valid...
2017-04-15 22:52:18 INFO  ParserXML:672 - PresentationID acquired...
2017-04-15 22:52:18 INFO  ParserXML:31 - Path valid...
2017-04-15 22:52:18 INFO  ParserXML:672 - PresentationID acquired...
2017-04-15 22:52:18 INFO  ParserXML:31 - Path valid...
2017-04-15 22:52:18 INFO  ParserXML:672 - PresentationID acquired...
2017-04-15 22:52:18 INFO  ParserXML:31 - Path valid...
2017-04-15 22:52:18 INFO  ParserXML:672 - PresentationID acquired...
2017-04-15 22:52:18 INFO  ParserXML:31 - Path valid...
2017-04-15 22:52:18 INFO  ParserXML:672 - PresentationID acquired...
2017-04-15 22:52:18 INFO  ParserXML:31 - Path valid...
2017-04-15 22:52:18 INFO  ParserXML:672 - PresentationID acquired...
2017-04-15 22:52:18 INFO  ParserXML:31 - Path valid...
2017-04-15 22:52:18 INFO  ParserXML:672 - PresentationID acquired...
2017-04-15 22:52:18 INFO  ParserXML:31 - Path valid...
2017-04-15 22:52:18 INFO  ParserXML:672 - PresentationID acquired...
2017-04-15 22:52:18 INFO  ParserXML:31 - Path valid...
2017-04-15 22:52:18 INFO  ParserXML:672 - PresentationID acquired...
2017-04-15 22:52:18 INFO  ParserXML:31 - Path valid...
2017-04-15 22:52:18 INFO  ParserXML:672 - PresentationID acquired...
2017-04-15 22:52:18 INFO  ParserXML:31 - Path valid...
2017-04-15 22:52:18 INFO  ParserXML:672 - PresentationID acquired...
2017-04-15 22:52:18 INFO  ParserXML:31 - Path valid...
2017-04-15 22:52:18 INFO  ParserXML:672 - PresentationID acquired...
2017-04-15 22:52:18 INFO  ParserXML:31 - Path valid...
2017-04-15 22:52:18 INFO  ParserXML:672 - PresentationID acquired...
2017-04-15 22:52:19 INFO  ParserXML:31 - Path valid...
2017-04-15 22:52:19 INFO  ParserXML:672 - PresentationID acquired...
2017-04-15 22:52:19 INFO  ParserXML:31 - Path valid...
2017-04-15 22:52:19 INFO  ParserXML:672 - PresentationID acquired...
2017-04-15 22:52:19 INFO  ParserXML:31 - Path valid...
2017-04-15 22:52:19 INFO  ParserXML:672 - PresentationID acquired...
2017-04-15 22:52:19 INFO  ParserXML:31 - Path valid...
2017-04-15 22:52:19 INFO  ParserXML:672 - PresentationID acquired...
2017-04-15 22:52:24 INFO  EdiManager:72 - Closing com.i2lp.edi.client-side networking ports.
2017-04-15 23:05:56 INFO  SocketClient:93 - Client: Attempting Connection to http://db.amriksadhra.com:8080/
2017-04-15 23:05:58 INFO  SocketClient:102 - Client successfully connected to Edi Server
2017-04-15 23:06:00 INFO  SocketClient:63 - Successful connection from client to PostgreSQL database instance
2017-04-15 23:06:03 INFO  SocketClient:182 - Attempting login of User: Teacher
2017-04-15 23:06:04 INFO  SocketClient:269 - User Teacher has successfully logged in
2017-04-15 23:06:04 INFO  EdiManager:52 - Login succeeded
2017-04-15 23:06:04 INFO  EdiManager:57 - Teacher Dashboard Opened
2017-04-15 23:06:04 INFO  ParserXML:31 - Path valid...
2017-04-15 23:06:04 INFO  ParserXML:672 - PresentationID acquired...
2017-04-15 23:06:04 INFO  ParserXML:31 - Path valid...
2017-04-15 23:06:04 INFO  ParserXML:672 - PresentationID acquired...
2017-04-15 23:06:04 INFO  ParserXML:31 - Path valid...
2017-04-15 23:06:04 INFO  ParserXML:672 - PresentationID acquired...
2017-04-15 23:06:04 INFO  ParserXML:31 - Path valid...
2017-04-15 23:06:04 INFO  ParserXML:672 - PresentationID acquired...
2017-04-15 23:06:04 INFO  ParserXML:31 - Path valid...
2017-04-15 23:06:04 INFO  ParserXML:672 - PresentationID acquired...
2017-04-15 23:06:04 INFO  ParserXML:31 - Path valid...
2017-04-15 23:06:04 INFO  ParserXML:672 - PresentationID acquired...
2017-04-15 23:06:04 INFO  ParserXML:31 - Path valid...
2017-04-15 23:06:04 INFO  ParserXML:672 - PresentationID acquired...
2017-04-15 23:06:04 INFO  ParserXML:31 - Path valid...
2017-04-15 23:06:04 INFO  ParserXML:672 - PresentationID acquired...
2017-04-15 23:06:04 INFO  ParserXML:31 - Path valid...
2017-04-15 23:06:04 INFO  ParserXML:672 - PresentationID acquired...
2017-04-15 23:06:04 INFO  ParserXML:31 - Path valid...
2017-04-15 23:06:04 INFO  ParserXML:672 - PresentationID acquired...
2017-04-15 23:06:04 INFO  ParserXML:31 - Path valid...
2017-04-15 23:06:04 INFO  ParserXML:672 - PresentationID acquired...
2017-04-15 23:06:04 INFO  ParserXML:31 - Path valid...
2017-04-15 23:06:04 INFO  ParserXML:672 - PresentationID acquired...
2017-04-15 23:06:04 INFO  ParserXML:31 - Path valid...
2017-04-15 23:06:04 INFO  ParserXML:672 - PresentationID acquired...
2017-04-15 23:06:05 INFO  ParserXML:31 - Path valid...
2017-04-15 23:06:05 INFO  ParserXML:672 - PresentationID acquired...
2017-04-15 23:06:05 INFO  ParserXML:31 - Path valid...
2017-04-15 23:06:05 INFO  ParserXML:672 - PresentationID acquired...
2017-04-15 23:06:05 INFO  ParserXML:31 - Path valid...
2017-04-15 23:06:05 INFO  ParserXML:672 - PresentationID acquired...
2017-04-15 23:06:05 INFO  ParserXML:31 - Path valid...
2017-04-15 23:06:05 INFO  ParserXML:672 - PresentationID acquired...
2017-04-15 23:06:05 INFO  ParserXML:31 - Path valid...
2017-04-15 23:06:05 INFO  ParserXML:672 - PresentationID acquired...
2017-04-15 23:06:05 INFO  ParserXML:31 - Path valid...
2017-04-15 23:06:05 INFO  ParserXML:672 - PresentationID acquired...
2017-04-15 23:06:05 INFO  ParserXML:31 - Path valid...
2017-04-15 23:06:05 INFO  ParserXML:672 - PresentationID acquired...
2017-04-15 23:06:37 INFO  EdiManager:72 - Closing com.i2lp.edi.client-side networking ports.
2017-04-15 23:08:52 INFO  SocketClient:93 - Client: Attempting Connection to http://db.amriksadhra.com:8080/
2017-04-15 23:08:56 INFO  SocketClient:102 - Client successfully connected to Edi Server
2017-04-15 23:08:58 INFO  SocketClient:63 - Successful connection from client to PostgreSQL database instance
2017-04-15 23:09:01 INFO  SocketClient:182 - Attempting login of User: Teacher
2017-04-15 23:09:01 INFO  SocketClient:269 - User Teacher has successfully logged in
2017-04-15 23:09:01 INFO  EdiManager:52 - Login succeeded
2017-04-15 23:09:01 INFO  EdiManager:57 - Teacher Dashboard Opened
2017-04-15 23:09:02 INFO  ParserXML:31 - Path valid...
2017-04-15 23:09:02 INFO  ParserXML:672 - PresentationID acquired...
2017-04-15 23:09:02 INFO  ParserXML:31 - Path valid...
2017-04-15 23:09:02 INFO  ParserXML:672 - PresentationID acquired...
2017-04-15 23:09:02 INFO  ParserXML:31 - Path valid...
2017-04-15 23:09:02 INFO  ParserXML:672 - PresentationID acquired...
2017-04-15 23:09:02 INFO  ParserXML:31 - Path valid...
2017-04-15 23:09:02 INFO  ParserXML:672 - PresentationID acquired...
2017-04-15 23:09:02 INFO  ParserXML:31 - Path valid...
2017-04-15 23:09:02 INFO  ParserXML:672 - PresentationID acquired...
2017-04-15 23:09:02 INFO  ParserXML:31 - Path valid...
2017-04-15 23:09:02 INFO  ParserXML:672 - PresentationID acquired...
2017-04-15 23:09:02 INFO  ParserXML:31 - Path valid...
2017-04-15 23:09:02 INFO  ParserXML:672 - PresentationID acquired...
2017-04-15 23:09:02 INFO  ParserXML:31 - Path valid...
2017-04-15 23:09:02 INFO  ParserXML:672 - PresentationID acquired...
2017-04-15 23:09:02 INFO  ParserXML:31 - Path valid...
2017-04-15 23:09:02 INFO  ParserXML:672 - PresentationID acquired...
2017-04-15 23:09:02 INFO  ParserXML:31 - Path valid...
2017-04-15 23:09:02 INFO  ParserXML:672 - PresentationID acquired...
2017-04-15 23:09:02 INFO  ParserXML:31 - Path valid...
2017-04-15 23:09:02 INFO  ParserXML:672 - PresentationID acquired...
2017-04-15 23:09:02 INFO  ParserXML:31 - Path valid...
2017-04-15 23:09:02 INFO  ParserXML:672 - PresentationID acquired...
2017-04-15 23:09:02 INFO  ParserXML:31 - Path valid...
2017-04-15 23:09:02 INFO  ParserXML:672 - PresentationID acquired...
2017-04-15 23:09:02 INFO  ParserXML:31 - Path valid...
2017-04-15 23:09:02 INFO  ParserXML:672 - PresentationID acquired...
2017-04-15 23:09:02 INFO  ParserXML:31 - Path valid...
2017-04-15 23:09:02 INFO  ParserXML:672 - PresentationID acquired...
2017-04-15 23:09:02 INFO  ParserXML:31 - Path valid...
2017-04-15 23:09:02 INFO  ParserXML:672 - PresentationID acquired...
2017-04-15 23:09:03 INFO  ParserXML:31 - Path valid...
2017-04-15 23:09:03 INFO  ParserXML:672 - PresentationID acquired...
2017-04-15 23:09:03 INFO  ParserXML:31 - Path valid...
2017-04-15 23:09:03 INFO  ParserXML:672 - PresentationID acquired...
2017-04-15 23:09:03 INFO  ParserXML:31 - Path valid...
2017-04-15 23:09:03 INFO  ParserXML:672 - PresentationID acquired...
2017-04-15 23:09:03 INFO  ParserXML:31 - Path valid...
2017-04-15 23:09:03 INFO  ParserXML:672 - PresentationID acquired...
2017-04-15 23:13:03 INFO  SocketClient:93 - Client: Attempting Connection to http://db.amriksadhra.com:8080/
2017-04-15 23:13:06 INFO  SocketClient:102 - Client successfully connected to Edi Server
2017-04-15 23:13:09 INFO  SocketClient:63 - Successful connection from client to PostgreSQL database instance
2017-04-15 23:13:11 INFO  SocketClient:182 - Attempting login of User: Teacher
2017-04-15 23:13:16 ERROR SocketClient:186 - Connection to com.i2lp.edi.server timed out.
2017-04-15 23:13:16 INFO  Login:129 - Login unsuccessful
2017-04-15 23:13:16 INFO  SocketClient:182 - Attempting login of User: Teacher
2017-04-15 23:13:21 ERROR SocketClient:186 - Connection to com.i2lp.edi.server timed out.
2017-04-15 23:13:21 INFO  Login:129 - Login unsuccessful
2017-04-15 23:13:36 INFO  EdiManager:72 - Closing com.i2lp.edi.client-side networking ports.
2017-04-15 23:13:52 INFO  SocketClient:93 - Client: Attempting Connection to http://db.amriksadhra.com:8080/
2017-04-15 23:13:56 INFO  SocketClient:102 - Client successfully connected to Edi Server
2017-04-15 23:13:59 INFO  SocketClient:63 - Successful connection from client to PostgreSQL database instance
2017-04-15 23:14:07 INFO  SocketClient:182 - Attempting login of User: Teacher
2017-04-15 23:14:07 INFO  SocketClient:269 - User Teacher has successfully logged in
2017-04-15 23:14:07 INFO  EdiManager:52 - Login succeeded
2017-04-15 23:14:07 INFO  EdiManager:57 - Teacher Dashboard Opened
2017-04-15 23:14:07 INFO  ParserXML:31 - Path valid...
2017-04-15 23:14:07 INFO  ParserXML:672 - PresentationID acquired...
2017-04-15 23:14:07 INFO  ParserXML:31 - Path valid...
2017-04-15 23:14:07 INFO  ParserXML:672 - PresentationID acquired...
2017-04-15 23:14:07 INFO  ParserXML:31 - Path valid...
2017-04-15 23:14:07 INFO  ParserXML:672 - PresentationID acquired...
2017-04-15 23:14:07 INFO  ParserXML:31 - Path valid...
2017-04-15 23:14:07 INFO  ParserXML:672 - PresentationID acquired...
2017-04-15 23:14:07 INFO  ParserXML:31 - Path valid...
2017-04-15 23:14:07 INFO  ParserXML:672 - PresentationID acquired...
2017-04-15 23:14:07 INFO  ParserXML:31 - Path valid...
2017-04-15 23:14:07 INFO  ParserXML:672 - PresentationID acquired...
2017-04-15 23:14:07 INFO  ParserXML:31 - Path valid...
2017-04-15 23:14:07 INFO  ParserXML:672 - PresentationID acquired...
2017-04-15 23:14:08 INFO  ParserXML:31 - Path valid...
2017-04-15 23:14:08 INFO  ParserXML:672 - PresentationID acquired...
2017-04-15 23:14:08 INFO  ParserXML:31 - Path valid...
2017-04-15 23:14:08 INFO  ParserXML:672 - PresentationID acquired...
2017-04-15 23:14:08 INFO  ParserXML:31 - Path valid...
2017-04-15 23:14:08 INFO  ParserXML:672 - PresentationID acquired...
2017-04-15 23:14:08 INFO  ParserXML:31 - Path valid...
2017-04-15 23:14:08 INFO  ParserXML:672 - PresentationID acquired...
2017-04-15 23:14:08 INFO  ParserXML:31 - Path valid...
2017-04-15 23:14:08 INFO  ParserXML:672 - PresentationID acquired...
2017-04-15 23:14:08 INFO  ParserXML:31 - Path valid...
2017-04-15 23:14:08 INFO  ParserXML:672 - PresentationID acquired...
2017-04-15 23:14:08 INFO  ParserXML:31 - Path valid...
2017-04-15 23:14:08 INFO  ParserXML:672 - PresentationID acquired...
2017-04-15 23:14:08 INFO  ParserXML:31 - Path valid...
2017-04-15 23:14:08 INFO  ParserXML:672 - PresentationID acquired...
2017-04-15 23:14:08 INFO  ParserXML:31 - Path valid...
2017-04-15 23:14:08 INFO  ParserXML:672 - PresentationID acquired...
2017-04-15 23:14:08 INFO  ParserXML:31 - Path valid...
2017-04-15 23:14:08 INFO  ParserXML:672 - PresentationID acquired...
2017-04-15 23:14:08 INFO  ParserXML:31 - Path valid...
2017-04-15 23:14:08 INFO  ParserXML:672 - PresentationID acquired...
2017-04-15 23:14:08 INFO  ParserXML:31 - Path valid...
2017-04-15 23:14:08 INFO  ParserXML:672 - PresentationID acquired...
2017-04-15 23:14:08 INFO  ParserXML:31 - Path valid...
2017-04-15 23:14:08 INFO  ParserXML:672 - PresentationID acquired...
2017-04-15 23:14:28 INFO  EdiManager:72 - Closing com.i2lp.edi.client-side networking ports.
2017-04-15 23:15:20 INFO  SocketClient:93 - Client: Attempting Connection to http://db.amriksadhra.com:8080/
2017-04-15 23:15:23 INFO  SocketClient:102 - Client successfully connected to Edi Server
2017-04-15 23:15:26 INFO  SocketClient:63 - Successful connection from client to PostgreSQL database instance
2017-04-15 23:15:29 INFO  SocketClient:182 - Attempting login of User: Teacher
2017-04-15 23:15:29 INFO  SocketClient:269 - User Teacher has successfully logged in
2017-04-15 23:15:29 INFO  EdiManager:52 - Login succeeded
2017-04-15 23:15:29 INFO  EdiManager:57 - Teacher Dashboard Opened
2017-04-15 23:15:29 INFO  ParserXML:31 - Path valid...
2017-04-15 23:15:29 INFO  ParserXML:672 - PresentationID acquired...
2017-04-15 23:15:29 INFO  ParserXML:31 - Path valid...
2017-04-15 23:15:29 INFO  ParserXML:672 - PresentationID acquired...
2017-04-15 23:15:30 INFO  ParserXML:31 - Path valid...
2017-04-15 23:15:30 INFO  ParserXML:672 - PresentationID acquired...
2017-04-15 23:15:30 INFO  ParserXML:31 - Path valid...
2017-04-15 23:15:30 INFO  ParserXML:672 - PresentationID acquired...
2017-04-15 23:15:30 INFO  ParserXML:31 - Path valid...
2017-04-15 23:15:30 INFO  ParserXML:672 - PresentationID acquired...
2017-04-15 23:15:30 INFO  ParserXML:31 - Path valid...
2017-04-15 23:15:30 INFO  ParserXML:672 - PresentationID acquired...
2017-04-15 23:15:30 INFO  ParserXML:31 - Path valid...
2017-04-15 23:15:30 INFO  ParserXML:672 - PresentationID acquired...
2017-04-15 23:15:30 INFO  ParserXML:31 - Path valid...
2017-04-15 23:15:30 INFO  ParserXML:672 - PresentationID acquired...
2017-04-15 23:15:30 INFO  ParserXML:31 - Path valid...
2017-04-15 23:15:30 INFO  ParserXML:672 - PresentationID acquired...
2017-04-15 23:15:30 INFO  ParserXML:31 - Path valid...
2017-04-15 23:15:30 INFO  ParserXML:672 - PresentationID acquired...
2017-04-15 23:15:30 INFO  ParserXML:31 - Path valid...
2017-04-15 23:15:30 INFO  ParserXML:672 - PresentationID acquired...
2017-04-15 23:15:30 INFO  ParserXML:31 - Path valid...
2017-04-15 23:15:30 INFO  ParserXML:672 - PresentationID acquired...
2017-04-15 23:15:30 INFO  ParserXML:31 - Path valid...
2017-04-15 23:15:30 INFO  ParserXML:672 - PresentationID acquired...
2017-04-15 23:15:30 INFO  ParserXML:31 - Path valid...
2017-04-15 23:15:30 INFO  ParserXML:672 - PresentationID acquired...
2017-04-15 23:15:30 INFO  ParserXML:31 - Path valid...
2017-04-15 23:15:30 INFO  ParserXML:672 - PresentationID acquired...
2017-04-15 23:15:30 INFO  ParserXML:31 - Path valid...
2017-04-15 23:15:30 INFO  ParserXML:672 - PresentationID acquired...
2017-04-15 23:15:30 INFO  ParserXML:31 - Path valid...
2017-04-15 23:15:30 INFO  ParserXML:672 - PresentationID acquired...
2017-04-15 23:15:31 INFO  ParserXML:31 - Path valid...
2017-04-15 23:15:31 INFO  ParserXML:672 - PresentationID acquired...
2017-04-15 23:15:31 INFO  ParserXML:31 - Path valid...
2017-04-15 23:15:31 INFO  ParserXML:672 - PresentationID acquired...
2017-04-15 23:15:31 INFO  ParserXML:31 - Path valid...
2017-04-15 23:15:31 INFO  ParserXML:672 - PresentationID acquired...
2017-04-15 23:22:05 INFO  SocketClient:93 - Client: Attempting Connection to http://db.amriksadhra.com:8080/
2017-04-15 23:22:07 INFO  SocketClient:102 - Client successfully connected to Edi Server
2017-04-15 23:22:10 INFO  SocketClient:63 - Successful connection from client to PostgreSQL database instance
2017-04-15 23:22:13 INFO  SocketClient:182 - Attempting login of User: Teacher
2017-04-15 23:22:14 INFO  SocketClient:269 - User Teacher has successfully logged in
2017-04-15 23:22:14 INFO  EdiManager:52 - Login succeeded
2017-04-15 23:22:14 INFO  EdiManager:57 - Teacher Dashboard Opened
2017-04-15 23:22:14 INFO  ParserXML:31 - Path valid...
2017-04-15 23:22:14 INFO  ParserXML:672 - PresentationID acquired...
2017-04-15 23:22:14 INFO  ParserXML:31 - Path valid...
2017-04-15 23:22:14 INFO  ParserXML:672 - PresentationID acquired...
2017-04-15 23:22:14 INFO  ParserXML:31 - Path valid...
2017-04-15 23:22:14 INFO  ParserXML:672 - PresentationID acquired...
2017-04-15 23:22:14 INFO  ParserXML:31 - Path valid...
2017-04-15 23:22:14 INFO  ParserXML:672 - PresentationID acquired...
2017-04-15 23:22:14 INFO  ParserXML:31 - Path valid...
2017-04-15 23:22:14 INFO  ParserXML:672 - PresentationID acquired...
2017-04-15 23:22:14 INFO  ParserXML:31 - Path valid...
2017-04-15 23:22:14 INFO  ParserXML:672 - PresentationID acquired...
2017-04-15 23:22:14 INFO  ParserXML:31 - Path valid...
2017-04-15 23:22:14 INFO  ParserXML:672 - PresentationID acquired...
2017-04-15 23:22:14 INFO  ParserXML:31 - Path valid...
2017-04-15 23:22:14 INFO  ParserXML:672 - PresentationID acquired...
2017-04-15 23:22:14 INFO  ParserXML:31 - Path valid...
2017-04-15 23:22:14 INFO  ParserXML:672 - PresentationID acquired...
2017-04-15 23:22:14 INFO  ParserXML:31 - Path valid...
2017-04-15 23:22:14 INFO  ParserXML:672 - PresentationID acquired...
2017-04-15 23:22:14 INFO  ParserXML:31 - Path valid...
2017-04-15 23:22:14 INFO  ParserXML:672 - PresentationID acquired...
2017-04-15 23:22:14 INFO  ParserXML:31 - Path valid...
2017-04-15 23:22:14 INFO  ParserXML:672 - PresentationID acquired...
2017-04-15 23:22:14 INFO  ParserXML:31 - Path valid...
2017-04-15 23:22:14 INFO  ParserXML:672 - PresentationID acquired...
2017-04-15 23:22:14 INFO  ParserXML:31 - Path valid...
2017-04-15 23:22:15 INFO  ParserXML:672 - PresentationID acquired...
2017-04-15 23:22:15 INFO  ParserXML:31 - Path valid...
2017-04-15 23:22:15 INFO  ParserXML:672 - PresentationID acquired...
2017-04-15 23:22:15 INFO  ParserXML:31 - Path valid...
2017-04-15 23:22:15 INFO  ParserXML:672 - PresentationID acquired...
2017-04-15 23:22:15 INFO  ParserXML:31 - Path valid...
2017-04-15 23:22:15 INFO  ParserXML:672 - PresentationID acquired...
2017-04-15 23:22:15 INFO  ParserXML:31 - Path valid...
2017-04-15 23:22:15 INFO  ParserXML:672 - PresentationID acquired...
2017-04-15 23:22:15 INFO  ParserXML:31 - Path valid...
2017-04-15 23:22:15 INFO  ParserXML:672 - PresentationID acquired...
2017-04-15 23:22:15 INFO  ParserXML:31 - Path valid...
2017-04-15 23:22:15 INFO  ParserXML:672 - PresentationID acquired...
2017-04-15 23:25:14 INFO  SocketClient:93 - Client: Attempting Connection to http://db.amriksadhra.com:8080/
2017-04-15 23:25:18 INFO  SocketClient:102 - Client successfully connected to Edi Server
2017-04-15 23:25:20 INFO  SocketClient:63 - Successful connection from client to PostgreSQL database instance
2017-04-15 23:25:22 INFO  SocketClient:182 - Attempting login of User: Teacher
2017-04-15 23:25:23 INFO  SocketClient:269 - User Teacher has successfully logged in
2017-04-15 23:25:23 INFO  EdiManager:52 - Login succeeded
2017-04-15 23:25:23 INFO  EdiManager:57 - Teacher Dashboard Opened
2017-04-15 23:25:23 INFO  ParserXML:31 - Path valid...
2017-04-15 23:25:23 INFO  ParserXML:672 - PresentationID acquired...
2017-04-15 23:25:23 INFO  ParserXML:31 - Path valid...
2017-04-15 23:25:23 INFO  ParserXML:672 - PresentationID acquired...
2017-04-15 23:25:23 INFO  ParserXML:31 - Path valid...
2017-04-15 23:25:23 INFO  ParserXML:672 - PresentationID acquired...
2017-04-15 23:25:23 INFO  ParserXML:31 - Path valid...
2017-04-15 23:25:23 INFO  ParserXML:672 - PresentationID acquired...
2017-04-15 23:25:23 INFO  ParserXML:31 - Path valid...
2017-04-15 23:25:23 INFO  ParserXML:672 - PresentationID acquired...
2017-04-15 23:25:23 INFO  ParserXML:31 - Path valid...
2017-04-15 23:25:23 INFO  ParserXML:672 - PresentationID acquired...
2017-04-15 23:25:23 INFO  ParserXML:31 - Path valid...
2017-04-15 23:25:23 INFO  ParserXML:672 - PresentationID acquired...
2017-04-15 23:25:23 INFO  ParserXML:31 - Path valid...
2017-04-15 23:25:23 INFO  ParserXML:672 - PresentationID acquired...
2017-04-15 23:25:23 INFO  ParserXML:31 - Path valid...
2017-04-15 23:25:23 INFO  ParserXML:672 - PresentationID acquired...
2017-04-15 23:25:23 INFO  ParserXML:31 - Path valid...
2017-04-15 23:25:23 INFO  ParserXML:672 - PresentationID acquired...
2017-04-15 23:25:23 INFO  ParserXML:31 - Path valid...
2017-04-15 23:25:23 INFO  ParserXML:672 - PresentationID acquired...
2017-04-15 23:25:24 INFO  ParserXML:31 - Path valid...
2017-04-15 23:25:24 INFO  ParserXML:672 - PresentationID acquired...
2017-04-15 23:25:24 INFO  ParserXML:31 - Path valid...
2017-04-15 23:25:24 INFO  ParserXML:672 - PresentationID acquired...
2017-04-15 23:25:24 INFO  ParserXML:31 - Path valid...
2017-04-15 23:25:24 INFO  ParserXML:672 - PresentationID acquired...
2017-04-15 23:25:24 INFO  ParserXML:31 - Path valid...
2017-04-15 23:25:24 INFO  ParserXML:672 - PresentationID acquired...
2017-04-15 23:25:24 INFO  ParserXML:31 - Path valid...
2017-04-15 23:25:24 INFO  ParserXML:672 - PresentationID acquired...
2017-04-15 23:25:24 INFO  ParserXML:31 - Path valid...
2017-04-15 23:25:24 INFO  ParserXML:672 - PresentationID acquired...
2017-04-15 23:25:24 INFO  ParserXML:31 - Path valid...
2017-04-15 23:25:24 INFO  ParserXML:672 - PresentationID acquired...
2017-04-15 23:25:24 INFO  ParserXML:31 - Path valid...
2017-04-15 23:25:24 INFO  ParserXML:672 - PresentationID acquired...
2017-04-15 23:25:24 INFO  ParserXML:31 - Path valid...
2017-04-15 23:25:24 INFO  ParserXML:672 - PresentationID acquired...
2017-04-15 23:25:48 INFO  EdiManager:72 - Closing com.i2lp.edi.client-side networking ports.
2017-04-15 23:28:52 INFO  SocketClient:93 - Client: Attempting Connection to http://db.amriksadhra.com:8080/
2017-04-15 23:28:54 INFO  SocketClient:102 - Client successfully connected to Edi Server
2017-04-15 23:28:57 INFO  SocketClient:63 - Successful connection from client to PostgreSQL database instance
2017-04-15 23:29:00 INFO  SocketClient:182 - Attempting login of User: Teacher
2017-04-15 23:29:00 INFO  SocketClient:269 - User Teacher has successfully logged in
2017-04-15 23:29:00 INFO  EdiManager:52 - Login succeeded
2017-04-15 23:29:00 INFO  EdiManager:57 - Teacher Dashboard Opened
2017-04-15 23:29:00 INFO  ParserXML:31 - Path valid...
2017-04-15 23:29:00 INFO  ParserXML:672 - PresentationID acquired...
2017-04-15 23:29:00 INFO  ParserXML:31 - Path valid...
2017-04-15 23:29:00 INFO  ParserXML:672 - PresentationID acquired...
2017-04-15 23:29:00 INFO  ParserXML:31 - Path valid...
2017-04-15 23:29:00 INFO  ParserXML:672 - PresentationID acquired...
2017-04-15 23:29:01 INFO  ParserXML:31 - Path valid...
2017-04-15 23:29:01 INFO  ParserXML:672 - PresentationID acquired...
2017-04-15 23:29:01 INFO  ParserXML:31 - Path valid...
2017-04-15 23:29:01 INFO  ParserXML:672 - PresentationID acquired...
2017-04-15 23:29:01 INFO  ParserXML:31 - Path valid...
2017-04-15 23:29:01 INFO  ParserXML:672 - PresentationID acquired...
2017-04-15 23:29:01 INFO  ParserXML:31 - Path valid...
2017-04-15 23:29:01 INFO  ParserXML:672 - PresentationID acquired...
2017-04-15 23:29:01 INFO  ParserXML:31 - Path valid...
2017-04-15 23:29:01 INFO  ParserXML:672 - PresentationID acquired...
2017-04-15 23:29:01 INFO  ParserXML:31 - Path valid...
2017-04-15 23:29:01 INFO  ParserXML:672 - PresentationID acquired...
2017-04-15 23:29:01 INFO  ParserXML:31 - Path valid...
2017-04-15 23:29:01 INFO  ParserXML:672 - PresentationID acquired...
2017-04-15 23:29:01 INFO  ParserXML:31 - Path valid...
2017-04-15 23:29:01 INFO  ParserXML:672 - PresentationID acquired...
2017-04-15 23:29:01 INFO  ParserXML:31 - Path valid...
2017-04-15 23:29:01 INFO  ParserXML:672 - PresentationID acquired...
2017-04-15 23:29:01 INFO  ParserXML:31 - Path valid...
2017-04-15 23:29:01 INFO  ParserXML:672 - PresentationID acquired...
2017-04-15 23:29:01 INFO  ParserXML:31 - Path valid...
2017-04-15 23:29:01 INFO  ParserXML:672 - PresentationID acquired...
2017-04-15 23:29:01 INFO  ParserXML:31 - Path valid...
2017-04-15 23:29:01 INFO  ParserXML:672 - PresentationID acquired...
2017-04-15 23:29:01 INFO  ParserXML:31 - Path valid...
2017-04-15 23:29:01 INFO  ParserXML:672 - PresentationID acquired...
2017-04-15 23:29:01 INFO  ParserXML:31 - Path valid...
2017-04-15 23:29:01 INFO  ParserXML:672 - PresentationID acquired...
2017-04-15 23:29:01 INFO  ParserXML:31 - Path valid...
2017-04-15 23:29:01 INFO  ParserXML:672 - PresentationID acquired...
2017-04-15 23:29:01 INFO  ParserXML:31 - Path valid...
2017-04-15 23:29:01 INFO  ParserXML:672 - PresentationID acquired...
2017-04-15 23:29:01 INFO  ParserXML:31 - Path valid...
2017-04-15 23:29:01 INFO  ParserXML:672 - PresentationID acquired...
2017-04-15 23:29:30 INFO  EdiManager:72 - Closing com.i2lp.edi.client-side networking ports.
2017-04-15 23:29:47 INFO  SocketClient:93 - Client: Attempting Connection to http://db.amriksadhra.com:8080/
2017-04-15 23:29:49 INFO  SocketClient:102 - Client successfully connected to Edi Server
2017-04-15 23:29:54 INFO  SocketClient:63 - Successful connection from client to PostgreSQL database instance
2017-04-15 23:29:56 INFO  SocketClient:182 - Attempting login of User: Teacher
2017-04-15 23:29:57 INFO  SocketClient:269 - User Teacher has successfully logged in
2017-04-15 23:29:57 INFO  EdiManager:52 - Login succeeded
2017-04-15 23:29:57 INFO  EdiManager:57 - Teacher Dashboard Opened
2017-04-15 23:29:57 INFO  ParserXML:31 - Path valid...
2017-04-15 23:29:57 INFO  ParserXML:672 - PresentationID acquired...
2017-04-15 23:29:57 INFO  ParserXML:31 - Path valid...
2017-04-15 23:29:57 INFO  ParserXML:672 - PresentationID acquired...
2017-04-15 23:29:57 INFO  ParserXML:31 - Path valid...
2017-04-15 23:29:57 INFO  ParserXML:672 - PresentationID acquired...
2017-04-15 23:29:57 INFO  ParserXML:31 - Path valid...
2017-04-15 23:29:57 INFO  ParserXML:672 - PresentationID acquired...
2017-04-15 23:29:57 INFO  ParserXML:31 - Path valid...
2017-04-15 23:29:57 INFO  ParserXML:672 - PresentationID acquired...
2017-04-15 23:29:57 INFO  ParserXML:31 - Path valid...
2017-04-15 23:29:57 INFO  ParserXML:672 - PresentationID acquired...
2017-04-15 23:29:57 INFO  ParserXML:31 - Path valid...
2017-04-15 23:29:57 INFO  ParserXML:672 - PresentationID acquired...
2017-04-15 23:29:57 INFO  ParserXML:31 - Path valid...
2017-04-15 23:29:57 INFO  ParserXML:672 - PresentationID acquired...
2017-04-15 23:29:57 INFO  ParserXML:31 - Path valid...
2017-04-15 23:29:57 INFO  ParserXML:672 - PresentationID acquired...
2017-04-15 23:29:57 INFO  ParserXML:31 - Path valid...
2017-04-15 23:29:57 INFO  ParserXML:672 - PresentationID acquired...
2017-04-15 23:29:57 INFO  ParserXML:31 - Path valid...
2017-04-15 23:29:57 INFO  ParserXML:672 - PresentationID acquired...
2017-04-15 23:29:57 INFO  ParserXML:31 - Path valid...
2017-04-15 23:29:57 INFO  ParserXML:672 - PresentationID acquired...
2017-04-15 23:29:57 INFO  ParserXML:31 - Path valid...
2017-04-15 23:29:57 INFO  ParserXML:672 - PresentationID acquired...
2017-04-15 23:29:57 INFO  ParserXML:31 - Path valid...
2017-04-15 23:29:57 INFO  ParserXML:672 - PresentationID acquired...
2017-04-15 23:29:57 INFO  ParserXML:31 - Path valid...
2017-04-15 23:29:57 INFO  ParserXML:672 - PresentationID acquired...
2017-04-15 23:29:57 INFO  ParserXML:31 - Path valid...
2017-04-15 23:29:57 INFO  ParserXML:672 - PresentationID acquired...
2017-04-15 23:29:58 INFO  ParserXML:31 - Path valid...
2017-04-15 23:29:58 INFO  ParserXML:672 - PresentationID acquired...
2017-04-15 23:29:58 INFO  ParserXML:31 - Path valid...
2017-04-15 23:29:58 INFO  ParserXML:672 - PresentationID acquired...
2017-04-15 23:29:58 INFO  ParserXML:31 - Path valid...
2017-04-15 23:29:58 INFO  ParserXML:672 - PresentationID acquired...
2017-04-15 23:29:58 INFO  ParserXML:31 - Path valid...
2017-04-15 23:29:58 INFO  ParserXML:672 - PresentationID acquired...
2017-04-16 00:29:02 INFO  EdiManager:70 - Socket for internet access check closed
2017-04-16 00:29:05 INFO  SocketClient:93 - Client: Attempting Connection to http://db.amriksadhra.com:8080/
2017-04-16 00:29:06 INFO  SocketClient:102 - Client successfully connected to Edi Server
2017-04-16 00:29:07 INFO  SocketClient:63 - Successful connection from client to PostgreSQL database instance
2017-04-16 00:29:37 INFO  SocketClient:182 - Attempting login of User: Teacher
2017-04-16 00:29:37 INFO  SocketClient:269 - User Teacher has successfully logged in
2017-04-16 00:29:37 INFO  Login:166 - Login Stage Closed
2017-04-16 00:29:37 INFO  EdiManager:81 - Login succeeded
2017-04-16 00:29:37 INFO  EdiManager:86 - Teacher Dashboard Opened
2017-04-16 00:29:37 INFO  ParserXML:31 - Path valid...
2017-04-16 00:29:37 INFO  ParserXML:675 - PresentationID acquired...
2017-04-16 00:29:37 INFO  ParserXML:31 - Path valid...
2017-04-16 00:29:37 INFO  ParserXML:675 - PresentationID acquired...
2017-04-16 00:29:37 INFO  ParserXML:31 - Path valid...
2017-04-16 00:29:37 INFO  ParserXML:675 - PresentationID acquired...
2017-04-16 00:29:37 INFO  ParserXML:31 - Path valid...
2017-04-16 00:29:37 INFO  ParserXML:675 - PresentationID acquired...
2017-04-16 00:29:37 INFO  ParserXML:31 - Path valid...
2017-04-16 00:29:37 INFO  ParserXML:675 - PresentationID acquired...
2017-04-16 00:29:37 INFO  ParserXML:31 - Path valid...
2017-04-16 00:29:37 INFO  ParserXML:675 - PresentationID acquired...
2017-04-16 00:29:37 INFO  ParserXML:31 - Path valid...
2017-04-16 00:29:37 INFO  ParserXML:675 - PresentationID acquired...
2017-04-16 00:29:37 INFO  ParserXML:31 - Path valid...
2017-04-16 00:29:37 INFO  ParserXML:675 - PresentationID acquired...
2017-04-16 00:29:37 INFO  ParserXML:31 - Path valid...
2017-04-16 00:29:37 INFO  ParserXML:675 - PresentationID acquired...
2017-04-16 00:29:37 INFO  ParserXML:31 - Path valid...
2017-04-16 00:29:37 INFO  ParserXML:675 - PresentationID acquired...
2017-04-16 00:29:37 INFO  ParserXML:31 - Path valid...
2017-04-16 00:29:37 INFO  ParserXML:675 - PresentationID acquired...
2017-04-16 00:29:37 INFO  ParserXML:31 - Path valid...
2017-04-16 00:29:37 INFO  ParserXML:675 - PresentationID acquired...
2017-04-16 00:29:37 INFO  ParserXML:31 - Path valid...
2017-04-16 00:29:37 INFO  ParserXML:675 - PresentationID acquired...
2017-04-16 00:29:37 INFO  ParserXML:31 - Path valid...
2017-04-16 00:29:37 INFO  ParserXML:675 - PresentationID acquired...
2017-04-16 00:29:37 INFO  ParserXML:31 - Path valid...
2017-04-16 00:29:37 INFO  ParserXML:675 - PresentationID acquired...
2017-04-16 00:29:37 INFO  ParserXML:31 - Path valid...
2017-04-16 00:29:38 INFO  ParserXML:675 - PresentationID acquired...
2017-04-16 00:29:38 INFO  ParserXML:31 - Path valid...
2017-04-16 00:29:38 INFO  ParserXML:675 - PresentationID acquired...
2017-04-16 00:29:38 INFO  ParserXML:31 - Path valid...
2017-04-16 00:29:38 INFO  ParserXML:675 - PresentationID acquired...
2017-04-16 00:29:38 INFO  ParserXML:31 - Path valid...
2017-04-16 00:29:38 INFO  ParserXML:675 - PresentationID acquired...
2017-04-16 00:29:38 INFO  ParserXML:31 - Path valid...
2017-04-16 00:29:38 INFO  ParserXML:675 - PresentationID acquired...
2017-04-16 00:29:41 INFO  EdiManager:101 - Closing client-side networking ports.
2017-04-16 00:29:50 INFO  EdiManager:70 - Socket for internet access check closed
2017-04-16 00:29:52 INFO  SocketClient:93 - Client: Attempting Connection to http://db.amriksadhra.com:8080/
2017-04-16 00:29:54 INFO  SocketClient:102 - Client successfully connected to Edi Server
2017-04-16 00:29:55 INFO  SocketClient:63 - Successful connection from client to PostgreSQL database instance
2017-04-16 00:29:58 INFO  EdiManager:101 - Closing client-side networking ports.
2017-04-16 00:30:09 INFO  EdiManager:65 - Offline Mode activated
2017-04-16 00:30:09 INFO  EdiManager:70 - Socket for internet access check closed
2017-04-16 00:31:52 INFO  EdiManager:101 - Closing client-side networking ports.
2017-04-16 00:32:01 INFO  EdiManager:65 - Offline Mode activated
2017-04-16 00:32:01 INFO  EdiManager:70 - Socket for internet access check closed
2017-04-16 00:32:08 INFO  EdiManager:101 - Closing client-side networking ports.
2017-04-16 00:32:41 INFO  EdiManager:65 - Offline Mode activated
2017-04-16 00:33:51 INFO  EdiManager:100 - Closing client-side networking ports.
2017-04-16 00:34:01 INFO  SocketClient:93 - Client: Attempting Connection to http://db.amriksadhra.com:8080/
2017-04-16 00:34:03 INFO  SocketClient:102 - Client successfully connected to Edi Server
2017-04-16 00:34:03 INFO  SocketClient:63 - Successful connection from client to PostgreSQL database instance
2017-04-16 00:34:05 INFO  SocketClient:182 - Attempting login of User: Teacher
2017-04-16 00:34:06 INFO  SocketClient:269 - User Teacher has successfully logged in
2017-04-16 00:34:06 INFO  Login:170 - Login Stage Closed
2017-04-16 00:34:06 INFO  EdiManager:79 - Login succeeded
2017-04-16 00:34:06 INFO  EdiManager:84 - Teacher Dashboard Opened
2017-04-16 00:34:06 INFO  ParserXML:31 - Path valid...
2017-04-16 00:34:06 INFO  ParserXML:675 - PresentationID acquired...
2017-04-16 00:34:06 INFO  ParserXML:31 - Path valid...
2017-04-16 00:34:06 INFO  ParserXML:675 - PresentationID acquired...
2017-04-16 00:34:06 INFO  ParserXML:31 - Path valid...
2017-04-16 00:34:06 INFO  ParserXML:675 - PresentationID acquired...
2017-04-16 00:34:06 INFO  ParserXML:31 - Path valid...
2017-04-16 00:34:06 INFO  ParserXML:675 - PresentationID acquired...
2017-04-16 00:34:06 INFO  ParserXML:31 - Path valid...
2017-04-16 00:34:06 INFO  ParserXML:675 - PresentationID acquired...
2017-04-16 00:34:06 INFO  ParserXML:31 - Path valid...
2017-04-16 00:34:06 INFO  ParserXML:675 - PresentationID acquired...
2017-04-16 00:34:06 INFO  ParserXML:31 - Path valid...
2017-04-16 00:34:06 INFO  ParserXML:675 - PresentationID acquired...
2017-04-16 00:34:06 INFO  ParserXML:31 - Path valid...
2017-04-16 00:34:06 INFO  ParserXML:675 - PresentationID acquired...
2017-04-16 00:34:06 INFO  ParserXML:31 - Path valid...
2017-04-16 00:34:06 INFO  ParserXML:675 - PresentationID acquired...
2017-04-16 00:34:06 INFO  ParserXML:31 - Path valid...
2017-04-16 00:34:06 INFO  ParserXML:675 - PresentationID acquired...
2017-04-16 00:34:06 INFO  ParserXML:31 - Path valid...
2017-04-16 00:34:06 INFO  ParserXML:675 - PresentationID acquired...
2017-04-16 00:34:06 INFO  ParserXML:31 - Path valid...
2017-04-16 00:34:06 INFO  ParserXML:675 - PresentationID acquired...
2017-04-16 00:34:06 INFO  ParserXML:31 - Path valid...
2017-04-16 00:34:06 INFO  ParserXML:675 - PresentationID acquired...
2017-04-16 00:34:06 INFO  ParserXML:31 - Path valid...
2017-04-16 00:34:06 INFO  ParserXML:675 - PresentationID acquired...
2017-04-16 00:34:06 INFO  ParserXML:31 - Path valid...
2017-04-16 00:34:06 INFO  ParserXML:675 - PresentationID acquired...
2017-04-16 00:34:07 INFO  ParserXML:31 - Path valid...
2017-04-16 00:34:07 INFO  ParserXML:675 - PresentationID acquired...
2017-04-16 00:34:07 INFO  ParserXML:31 - Path valid...
2017-04-16 00:34:07 INFO  ParserXML:675 - PresentationID acquired...
2017-04-16 00:34:07 INFO  ParserXML:31 - Path valid...
2017-04-16 00:34:07 INFO  ParserXML:675 - PresentationID acquired...
2017-04-16 00:34:07 INFO  ParserXML:31 - Path valid...
2017-04-16 00:34:07 INFO  ParserXML:675 - PresentationID acquired...
2017-04-16 00:34:07 INFO  ParserXML:31 - Path valid...
2017-04-16 00:34:07 INFO  ParserXML:675 - PresentationID acquired...
2017-04-16 00:34:13 INFO  EdiManager:99 - Closing client-side networking ports.
2017-04-16 00:34:51 INFO  SocketClient:93 - Client: Attempting Connection to http://db.amriksadhra.com:8080/
2017-04-16 00:34:53 INFO  SocketClient:102 - Client successfully connected to Edi Server
2017-04-16 00:34:53 INFO  SocketClient:63 - Successful connection from client to PostgreSQL database instance
2017-04-16 00:34:56 INFO  SocketClient:182 - Attempting login of User: Teacher
2017-04-16 00:34:56 INFO  SocketClient:269 - User Teacher has successfully logged in
2017-04-16 00:34:56 INFO  Login:170 - Login Stage Closed
2017-04-16 00:34:56 INFO  EdiManager:79 - Login succeeded
2017-04-16 00:34:56 INFO  EdiManager:84 - Teacher Dashboard Opened
2017-04-16 00:34:56 INFO  ParserXML:31 - Path valid...
2017-04-16 00:34:56 INFO  ParserXML:675 - PresentationID acquired...
2017-04-16 00:34:56 INFO  ParserXML:31 - Path valid...
2017-04-16 00:34:56 INFO  ParserXML:675 - PresentationID acquired...
2017-04-16 00:34:56 INFO  ParserXML:31 - Path valid...
2017-04-16 00:34:56 INFO  ParserXML:675 - PresentationID acquired...
2017-04-16 00:34:56 INFO  ParserXML:31 - Path valid...
2017-04-16 00:34:56 INFO  ParserXML:675 - PresentationID acquired...
2017-04-16 00:34:56 INFO  ParserXML:31 - Path valid...
2017-04-16 00:34:56 INFO  ParserXML:675 - PresentationID acquired...
2017-04-16 00:34:56 INFO  ParserXML:31 - Path valid...
2017-04-16 00:34:56 INFO  ParserXML:675 - PresentationID acquired...
2017-04-16 00:34:56 INFO  ParserXML:31 - Path valid...
2017-04-16 00:34:56 INFO  ParserXML:675 - PresentationID acquired...
2017-04-16 00:34:56 INFO  ParserXML:31 - Path valid...
2017-04-16 00:34:56 INFO  ParserXML:675 - PresentationID acquired...
2017-04-16 00:34:56 INFO  ParserXML:31 - Path valid...
2017-04-16 00:34:56 INFO  ParserXML:675 - PresentationID acquired...
2017-04-16 00:34:56 INFO  ParserXML:31 - Path valid...
2017-04-16 00:34:56 INFO  ParserXML:675 - PresentationID acquired...
2017-04-16 00:34:56 INFO  ParserXML:31 - Path valid...
2017-04-16 00:34:56 INFO  ParserXML:675 - PresentationID acquired...
2017-04-16 00:34:56 INFO  ParserXML:31 - Path valid...
2017-04-16 00:34:56 INFO  ParserXML:675 - PresentationID acquired...
2017-04-16 00:34:56 INFO  ParserXML:31 - Path valid...
2017-04-16 00:34:56 INFO  ParserXML:675 - PresentationID acquired...
2017-04-16 00:34:56 INFO  ParserXML:31 - Path valid...
2017-04-16 00:34:56 INFO  ParserXML:675 - PresentationID acquired...
2017-04-16 00:34:56 INFO  ParserXML:31 - Path valid...
2017-04-16 00:34:56 INFO  ParserXML:675 - PresentationID acquired...
2017-04-16 00:34:56 INFO  ParserXML:31 - Path valid...
2017-04-16 00:34:56 INFO  ParserXML:675 - PresentationID acquired...
2017-04-16 00:34:56 INFO  ParserXML:31 - Path valid...
2017-04-16 00:34:56 INFO  ParserXML:675 - PresentationID acquired...
2017-04-16 00:34:56 INFO  ParserXML:31 - Path valid...
2017-04-16 00:34:56 INFO  ParserXML:675 - PresentationID acquired...
2017-04-16 00:34:56 INFO  ParserXML:31 - Path valid...
2017-04-16 00:34:56 INFO  ParserXML:675 - PresentationID acquired...
2017-04-16 00:34:56 INFO  ParserXML:31 - Path valid...
2017-04-16 00:34:56 INFO  ParserXML:675 - PresentationID acquired...
2017-04-16 00:35:02 INFO  EdiManager:99 - Closing client-side networking ports.
